#
# There is insufficient memory for the Java Runtime Environment to continue.
# Native memory allocation (mmap) failed to map 121634816 bytes. Error detail: G1 virtual space
# Possible reasons:
#   The system is out of physical RAM or swap space
#   This process is running with CompressedOops enabled, and the Java Heap may be blocking the growth of the native heap
# Possible solutions:
#   Reduce memory load on the system
#   Increase physical memory or swap space
#   Check if swap backing store is full
#   Decrease Java heap size (-Xmx/-Xms)
#   Decrease number of Java threads
#   Decrease Java thread stack sizes (-Xss)
#   Set larger code cache with -XX:ReservedCodeCacheSize=
#   JVM is running with Unscaled Compressed Oops mode in which the Java heap is
#     placed in the first 4GB address space. The Java Heap base address is the
#     maximum limit for the native heap growth. Please use -XX:HeapBaseMinAddress
#     to set the Java Heap base and to place the Java Heap above 4GB virtual address.
# This output file may be truncated or incomplete.
#
#  Out of Memory Error (os_windows.cpp:3631), pid=17376, tid=28084
#
# JRE version:  (22.0.1+8) (build )
# Java VM: Java HotSpot(TM) 64-Bit Server VM (22.0.1+8-16, mixed mode, sharing, tiered, compressed oops, compressed class ptrs, g1 gc, windows-amd64)
# No core dump will be written. Minidumps are not enabled by default on client versions of Windows
#

---------------  S U M M A R Y ------------

Command Line: Use1

Host: AMD Ryzen 3 7320U with Radeon Graphics         , 8 cores, 7G,  Windows 11 , 64 bit Build 22621 (10.0.22621.3672)
Time: Sat Jul  6 20:51:46 2024 India Standard Time elapsed time: 0.016032 seconds (0d 0h 0m 0s)

---------------  T H R E A D  ---------------

Current thread (0x000001e3151a9920):  JavaThread "Unknown thread" [_thread_in_vm, id=28084, stack(0x000000a2e3d00000,0x000000a2e3e00000) (1024K)]

Stack: [0x000000a2e3d00000,0x000000a2e3e00000]
Native frames: (J=compiled Java code, j=interpreted, Vv=VM code, C=native code)
V  [jvm.dll+0x6e2279]  (no source info available)
V  [jvm.dll+0x874e33]  (no source info available)
V  [jvm.dll+0x87725e]  (no source info available)
V  [jvm.dll+0x877933]  (no source info available)
V  [jvm.dll+0x27fd76]  (no source info available)
V  [jvm.dll+0x6de915]  (no source info available)
V  [jvm.dll+0x6d341a]  (no source info available)
V  [jvm.dll+0x3589da]  (no source info available)
V  [jvm.dll+0x360f06]  (no source info available)
V  [jvm.dll+0x3b3e2e]  (no source info available)
V  [jvm.dll+0x3b40d8]  (no source info available)
V  [jvm.dll+0x32c59c]  (no source info available)
V  [jvm.dll+0x32d158]  (no source info available)
V  [jvm.dll+0x83ccdc]  (no source info available)
V  [jvm.dll+0x3c0d71]  (no source info available)
V  [jvm.dll+0x825ccc]  (no source info available)
V  [jvm.dll+0x45b8fe]  (no source info available)
V  [jvm.dll+0x45d781]  (no source info available)
C  [jli.dll+0x52a3]  (no source info available)
C  [ucrtbase.dll+0x29333]  (no source info available)
C  [KERNEL32.DLL+0x1257d]  (no source info available)
C  [ntdll.dll+0x5af28]  (no source info available)


---------------  P R O C E S S  ---------------

Threads class SMR info:
_java_thread_list=0x00007ffb93f2b1c8, length=0, elements={
}

Java Threads: ( => current thread )
Total: 0

Other Threads:
  0x000001e3151fb280 WorkerThread "GC Thread#0"                     [id=9016, stack(0x000000a2e3e00000,0x000000a2e3f00000) (1024K)]
  0x000001e31520c290 ConcurrentGCThread "G1 Main Marker"            [id=28088, stack(0x000000a2e3f00000,0x000000a2e4000000) (1024K)]
  0x000001e31520cf50 WorkerThread "G1 Conc#0"                       [id=29640, stack(0x000000a2e4000000,0x000000a2e4100000) (1024K)]

[error occurred during error reporting (printing all threads), id 0xc0000005, EXCEPTION_ACCESS_VIOLATION (0xc0000005) at pc=0x00007ffb9367f367]
VM state: not at safepoint (not fully initialized)

VM Mutex/Monitor currently owned by a thread:  ([mutex/lock_event])
[0x00007ffb93fabcb8] Heap_lock - owner thread: 0x000001e3151a9920

Heap address: 0x000000008c000000, size: 1856 MB, Compressed Oops mode: 32-bit

CDS archive(s) mapped at: [0x0000000000000000-0x0000000000000000-0x0000000000000000), size 0, SharedBaseAddress: 0x0000000800000000, ArchiveRelocationMode: 1.
Narrow klass base: 0x0000000000000000, Narrow klass shift: 0, Narrow klass range: 0x0

GC Precious Log:
 CardTable entry size: 512
 Card Set container configuration: InlinePtr #cards 5 size 8 Array Of Cards #cards 12 size 40 Howl #buckets 4 coarsen threshold 1843 Howl Bitmap #cards 512 size 80 coarsen threshold 460 Card regions per heap region 1 cards per card region 2048

Heap:
 garbage-first heap   total reserved 1900544K, committed 0K, used 0K [0x000000008c000000, 0x0000000100000000)
  region size 1024K, 0 young (0K), 0 survivors (0K)

[error occurred during error reporting (printing heap information), id 0xc0000005, EXCEPTION_ACCESS_VIOLATION (0xc0000005) at pc=0x00007ffb93a7e429]
GC Heap History (0 events):
No events

Dll operation events (1 events):
Event: 0.009 Loaded shared library C:\Program Files\Java\jdk-22\bin\java.dll

Deoptimization events (0 events):
No events

Classes loaded (0 events):
No events

Classes unloaded (0 events):
No events

Classes redefined (0 events):
No events

Internal exceptions (0 events):
No events

ZGC Phase Switch (0 events):
No events

VM Operations (0 events):
No events

Events (0 events):
No events


Dynamic libraries:
0x00007ff715350000 - 0x00007ff715360000 	C:\Program Files\Java\jdk-22\bin\java.exe
0x00007ffc377b0000 - 0x00007ffc379c7000 	C:\windows\SYSTEM32\ntdll.dll
0x00007ffc35b30000 - 0x00007ffc35bf4000 	C:\windows\System32\KERNEL32.DLL
0x00007ffc34d80000 - 0x00007ffc3512d000 	C:\windows\System32\KERNELBASE.dll
0x00007ffc351a0000 - 0x00007ffc352b1000 	C:\windows\System32\ucrtbase.dll
0x00007ffc22700000 - 0x00007ffc2271b000 	C:\Program Files\Java\jdk-22\bin\VCRUNTIME140.dll
0x00007ffc269f0000 - 0x00007ffc26a07000 	C:\Program Files\Java\jdk-22\bin\jli.dll
0x00007ffc35f00000 - 0x00007ffc35fb2000 	C:\windows\System32\ADVAPI32.dll
0x00007ffc37050000 - 0x00007ffc370f7000 	C:\windows\System32\msvcrt.dll
0x00007ffc36fa0000 - 0x00007ffc37049000 	C:\windows\System32\sechost.dll
0x00007ffc34d50000 - 0x00007ffc34d78000 	C:\windows\System32\bcrypt.dll
0x00007ffc37650000 - 0x00007ffc37764000 	C:\windows\System32\RPCRT4.dll
0x00007ffc35980000 - 0x00007ffc35b2e000 	C:\windows\System32\USER32.dll
0x00007ffc14f60000 - 0x00007ffc151f3000 	C:\windows\WinSxS\amd64_microsoft.windows.common-controls_6595b64144ccf1df_6.0.22621.3672_none_2713b9d173822955\COMCTL32.dll
0x00007ffc34ae0000 - 0x00007ffc34b06000 	C:\windows\System32\win32u.dll
0x00007ffc357a0000 - 0x00007ffc357c9000 	C:\windows\System32\GDI32.dll
0x00007ffc34b10000 - 0x00007ffc34c29000 	C:\windows\System32\gdi32full.dll
0x00007ffc34c30000 - 0x00007ffc34cca000 	C:\windows\System32\msvcp_win.dll
0x00007ffc2a150000 - 0x00007ffc2a15a000 	C:\windows\SYSTEM32\VERSION.dll
0x00007ffc35740000 - 0x00007ffc35771000 	C:\windows\System32\IMM32.DLL
0x00007ffc269e0000 - 0x00007ffc269ec000 	C:\Program Files\Java\jdk-22\bin\vcruntime140_1.dll
0x00007ffbda660000 - 0x00007ffbda6ee000 	C:\Program Files\Java\jdk-22\bin\msvcp140.dll
0x00007ffb93340000 - 0x00007ffb94087000 	C:\Program Files\Java\jdk-22\bin\server\jvm.dll
0x00007ffc35500000 - 0x00007ffc35571000 	C:\windows\System32\WS2_32.dll
0x00007ffc347f0000 - 0x00007ffc3483d000 	C:\windows\SYSTEM32\POWRPROF.dll
0x00007ffc30430000 - 0x00007ffc30464000 	C:\windows\SYSTEM32\WINMM.dll
0x00007ffc347d0000 - 0x00007ffc347e3000 	C:\windows\SYSTEM32\UMPDC.dll
0x00007ffc33b10000 - 0x00007ffc33b28000 	C:\windows\SYSTEM32\kernel.appcore.dll
0x00007ffc226f0000 - 0x00007ffc226fa000 	C:\Program Files\Java\jdk-22\bin\jimage.dll
0x00007ffc2c680000 - 0x00007ffc2c8b2000 	C:\windows\SYSTEM32\DBGHELP.DLL
0x00007ffc372c0000 - 0x00007ffc37648000 	C:\windows\System32\combase.dll
0x00007ffc36040000 - 0x00007ffc36117000 	C:\windows\System32\OLEAUT32.dll
0x00007ffc2a340000 - 0x00007ffc2a372000 	C:\windows\SYSTEM32\dbgcore.DLL
0x00007ffc34cd0000 - 0x00007ffc34d4b000 	C:\windows\System32\bcryptPrimitives.dll
0x00007ffc1b910000 - 0x00007ffc1b92e000 	C:\Program Files\Java\jdk-22\bin\java.dll
0x00007ffc366c0000 - 0x00007ffc36f1f000 	C:\windows\System32\SHELL32.dll
0x00007ffc357d0000 - 0x00007ffc35975000 	C:\windows\System32\ole32.dll

dbghelp: loaded successfully - version: 4.0.5 - missing functions: none
symbol engine: initialized successfully - sym options: 0x614 - pdb path: .;C:\Program Files\Java\jdk-22\bin;C:\windows\SYSTEM32;C:\windows\WinSxS\amd64_microsoft.windows.common-controls_6595b64144ccf1df_6.0.22621.3672_none_2713b9d173822955;C:\Program Files\Java\jdk-22\bin\server

VM Arguments:
java_command: Use1
java_class_path (initial): .
Launcher Type: SUN_STANDARD

[Global flags]
     intx CICompilerCount                          = 4                                         {product} {ergonomic}
     uint ConcGCThreads                            = 2                                         {product} {ergonomic}
     uint G1ConcRefinementThreads                  = 8                                         {product} {ergonomic}
   size_t G1HeapRegionSize                         = 1048576                                   {product} {ergonomic}
   size_t InitialHeapSize                          = 121634816                                 {product} {ergonomic}
   size_t MarkStackSize                            = 4194304                                   {product} {ergonomic}
   size_t MaxHeapSize                              = 1946157056                                {product} {ergonomic}
   size_t MinHeapDeltaBytes                        = 1048576                                   {product} {ergonomic}
   size_t MinHeapSize                              = 8388608                                   {product} {ergonomic}
    uintx NonNMethodCodeHeapSize                   = 5839372                                {pd product} {ergonomic}
    uintx NonProfiledCodeHeapSize                  = 122909434                              {pd product} {ergonomic}
    uintx ProfiledCodeHeapSize                     = 122909434                              {pd product} {ergonomic}
    uintx ReservedCodeCacheSize                    = 251658240                              {pd product} {ergonomic}
     bool SegmentedCodeCache                       = true                                      {product} {ergonomic}
   size_t SoftMaxHeapSize                          = 1946157056                             {manageable} {ergonomic}
     bool UseCompressedOops                        = true                           {product lp64_product} {ergonomic}
     bool UseG1GC                                  = true                                      {product} {ergonomic}
     bool UseLargePagesIndividualAllocation        = false                                  {pd product} {ergonomic}

Logging:
Log output configuration:
 #0: stdout all=warning uptime,level,tags foldmultilines=false
 #1: stderr all=off uptime,level,tags foldmultilines=false

Environment Variables:
PATH=C:\Program Files\Common Files\Oracle\Java\javapath;C:\windows\system32;C:\windows;C:\windows\System32\Wbem;C:\windows\System32\WindowsPowerShell\v1.0\;C:\windows\System32\OpenSSH\;C:\Program Files\nodejs\;C:\Program Files\Git\cmd;C:\Users\radhi\AppData\Local\Programs\Python\Python312\Scripts\;C:\Users\radhi\AppData\Local\Programs\Python\Python312\;C:\Users\radhi\AppData\Local\Microsoft\WindowsApps;C:\Users\radhi\AppData\Local\Programs\Microsoft VS Code\bin;C:\Users\radhi\AppData\Roaming\npm;C:\Users\radhi\AppData\Local\Microsoft\WinGet\Packages\Schniz.fnm_Microsoft.Winget.Source_8wekyb3d8bbwe;
USERNAME=radhi
OS=Windows_NT
PROCESSOR_IDENTIFIER=AMD64 Family 23 Model 160 Stepping 0, AuthenticAMD
TMP=C:\Users\radhi\AppData\Local\Temp
TEMP=C:\Users\radhi\AppData\Local\Temp




Periodic native trim disabled

---------------  S Y S T E M  ---------------

OS:
 Windows 11 , 64 bit Build 22621 (10.0.22621.3672)
OS uptime: 3 days 7:56 hours
Hyper-V role detected

CPU: total 8 (initial active 8) (8 cores per cpu, 2 threads per core) family 23 model 160 stepping 0 microcode 0x0, cx8, cmov, fxsr, ht, mmx, 3dnowpref, sse, sse2, sse3, ssse3, sse4a, sse4.1, sse4.2, popcnt, lzcnt, tsc, tscinvbit, avx, avx2, aes, clmul, bmi1, bmi2, adx, sha, fma, vzeroupper, clflush, clflushopt, hv, rdtscp, rdpid, f16c
Processor Information for all 8 processors :
  Max Mhz: 2401, Current Mhz: 2401, Mhz Limit: 2401

Memory: 4k page, system-wide physical 7418M (309M free)
TotalPageFile size 29946M (AvailPageFile size 99M)
current process WorkingSet (physical memory assigned to process): 12M, peak: 12M
current process commit charge ("private bytes"): 60M, peak: 176M

vm_info: Java HotSpot(TM) 64-Bit Server VM (22.0.1+8-16) for windows-amd64 JRE (22.0.1+8-16), built on 2024-03-12T10:33:16Z by "mach5one" with MS VC++ 17.6 (VS2022)

END.
